{"total": {"lines":{"total":440,"covered":374,"skipped":0,"pct":85},"statements":{"total":459,"covered":388,"skipped":0,"pct":84.53},"functions":{"total":88,"covered":71,"skipped":0,"pct":80.68},"branches":{"total":159,"covered":111,"skipped":0,"pct":69.81}}
,"/home/jonas/getit-restexpress/src/config.js": {"lines":{"total":7,"covered":6,"skipped":0,"pct":85.71},"functions":{"total":2,"covered":2,"skipped":0,"pct":100},"statements":{"total":7,"covered":6,"skipped":0,"pct":85.71},"branches":{"total":16,"covered":12,"skipped":0,"pct":75}}
,"/home/jonas/getit-restexpress/src/server.js": {"lines":{"total":7,"covered":3,"skipped":0,"pct":42.86},"functions":{"total":1,"covered":0,"skipped":0,"pct":0},"statements":{"total":7,"covered":3,"skipped":0,"pct":42.86},"branches":{"total":2,"covered":1,"skipped":0,"pct":50}}
,"/home/jonas/getit-restexpress/src/api/acl.js": {"lines":{"total":5,"covered":5,"skipped":0,"pct":100},"functions":{"total":2,"covered":2,"skipped":0,"pct":100},"statements":{"total":5,"covered":5,"skipped":0,"pct":100},"branches":{"total":0,"covered":0,"skipped":0,"pct":100}}
,"/home/jonas/getit-restexpress/src/api/index.js": {"lines":{"total":7,"covered":7,"skipped":0,"pct":100},"functions":{"total":0,"covered":0,"skipped":0,"pct":100},"statements":{"total":7,"covered":7,"skipped":0,"pct":100},"branches":{"total":0,"covered":0,"skipped":0,"pct":100}}
,"/home/jonas/getit-restexpress/src/api/auth/acl.js": {"lines":{"total":1,"covered":1,"skipped":0,"pct":100},"functions":{"total":0,"covered":0,"skipped":0,"pct":100},"statements":{"total":1,"covered":1,"skipped":0,"pct":100},"branches":{"total":0,"covered":0,"skipped":0,"pct":100}}
,"/home/jonas/getit-restexpress/src/api/auth/controller.js": {"lines":{"total":44,"covered":34,"skipped":0,"pct":77.27},"functions":{"total":5,"covered":4,"skipped":0,"pct":80},"statements":{"total":44,"covered":34,"skipped":0,"pct":77.27},"branches":{"total":10,"covered":10,"skipped":0,"pct":100}}
,"/home/jonas/getit-restexpress/src/api/auth/index.js": {"lines":{"total":5,"covered":5,"skipped":0,"pct":100},"functions":{"total":0,"covered":0,"skipped":0,"pct":100},"statements":{"total":5,"covered":5,"skipped":0,"pct":100},"branches":{"total":0,"covered":0,"skipped":0,"pct":100}}
,"/home/jonas/getit-restexpress/src/api/media/acl.js": {"lines":{"total":1,"covered":1,"skipped":0,"pct":100},"functions":{"total":0,"covered":0,"skipped":0,"pct":100},"statements":{"total":1,"covered":1,"skipped":0,"pct":100},"branches":{"total":0,"covered":0,"skipped":0,"pct":100}}
,"/home/jonas/getit-restexpress/src/api/media/controller.js": {"lines":{"total":30,"covered":26,"skipped":0,"pct":86.67},"functions":{"total":2,"covered":2,"skipped":0,"pct":100},"statements":{"total":30,"covered":26,"skipped":0,"pct":86.67},"branches":{"total":14,"covered":12,"skipped":0,"pct":85.71}}
,"/home/jonas/getit-restexpress/src/api/media/index.js": {"lines":{"total":3,"covered":3,"skipped":0,"pct":100},"functions":{"total":0,"covered":0,"skipped":0,"pct":100},"statements":{"total":3,"covered":3,"skipped":0,"pct":100},"branches":{"total":0,"covered":0,"skipped":0,"pct":100}}
,"/home/jonas/getit-restexpress/src/api/password-reset/acl.js": {"lines":{"total":1,"covered":1,"skipped":0,"pct":100},"functions":{"total":0,"covered":0,"skipped":0,"pct":100},"statements":{"total":1,"covered":1,"skipped":0,"pct":100},"branches":{"total":0,"covered":0,"skipped":0,"pct":100}}
,"/home/jonas/getit-restexpress/src/api/password-reset/controller.js": {"lines":{"total":31,"covered":28,"skipped":0,"pct":90.32},"functions":{"total":3,"covered":3,"skipped":0,"pct":100},"statements":{"total":31,"covered":28,"skipped":0,"pct":90.32},"branches":{"total":12,"covered":11,"skipped":0,"pct":91.67}}
,"/home/jonas/getit-restexpress/src/api/password-reset/index.js": {"lines":{"total":7,"covered":7,"skipped":0,"pct":100},"functions":{"total":2,"covered":2,"skipped":0,"pct":100},"statements":{"total":7,"covered":7,"skipped":0,"pct":100},"branches":{"total":0,"covered":0,"skipped":0,"pct":100}}
,"/home/jonas/getit-restexpress/src/api/password-reset/model.js": {"lines":{"total":4,"covered":4,"skipped":0,"pct":100},"functions":{"total":1,"covered":1,"skipped":0,"pct":100},"statements":{"total":4,"covered":4,"skipped":0,"pct":100},"branches":{"total":0,"covered":0,"skipped":0,"pct":100}}
,"/home/jonas/getit-restexpress/src/api/session/index.js": {"lines":{"total":0,"covered":0,"skipped":0,"pct":100},"functions":{"total":0,"covered":0,"skipped":0,"pct":100},"statements":{"total":0,"covered":0,"skipped":0,"pct":100},"branches":{"total":0,"covered":0,"skipped":0,"pct":100}}
,"/home/jonas/getit-restexpress/src/api/session/model.js": {"lines":{"total":9,"covered":9,"skipped":0,"pct":100},"functions":{"total":2,"covered":2,"skipped":0,"pct":100},"statements":{"total":9,"covered":9,"skipped":0,"pct":100},"branches":{"total":2,"covered":2,"skipped":0,"pct":100}}
,"/home/jonas/getit-restexpress/src/api/user/acl.js": {"lines":{"total":1,"covered":1,"skipped":0,"pct":100},"functions":{"total":0,"covered":0,"skipped":0,"pct":100},"statements":{"total":1,"covered":1,"skipped":0,"pct":100},"branches":{"total":0,"covered":0,"skipped":0,"pct":100}}
,"/home/jonas/getit-restexpress/src/api/user/controller.js": {"lines":{"total":59,"covered":53,"skipped":0,"pct":89.83},"functions":{"total":6,"covered":6,"skipped":0,"pct":100},"statements":{"total":59,"covered":53,"skipped":0,"pct":89.83},"branches":{"total":18,"covered":18,"skipped":0,"pct":100}}
,"/home/jonas/getit-restexpress/src/api/user/index.js": {"lines":{"total":11,"covered":11,"skipped":0,"pct":100},"functions":{"total":3,"covered":3,"skipped":0,"pct":100},"statements":{"total":11,"covered":11,"skipped":0,"pct":100},"branches":{"total":0,"covered":0,"skipped":0,"pct":100}}
,"/home/jonas/getit-restexpress/src/api/user/model.js": {"lines":{"total":30,"covered":28,"skipped":0,"pct":93.33},"functions":{"total":7,"covered":5,"skipped":0,"pct":71.43},"statements":{"total":31,"covered":29,"skipped":0,"pct":93.55},"branches":{"total":6,"covered":6,"skipped":0,"pct":100}}
,"/home/jonas/getit-restexpress/src/api/verification/acl.js": {"lines":{"total":1,"covered":1,"skipped":0,"pct":100},"functions":{"total":0,"covered":0,"skipped":0,"pct":100},"statements":{"total":1,"covered":1,"skipped":0,"pct":100},"branches":{"total":0,"covered":0,"skipped":0,"pct":100}}
,"/home/jonas/getit-restexpress/src/api/verification/controller.js": {"lines":{"total":10,"covered":7,"skipped":0,"pct":70},"functions":{"total":1,"covered":1,"skipped":0,"pct":100},"statements":{"total":10,"covered":7,"skipped":0,"pct":70},"branches":{"total":4,"covered":3,"skipped":0,"pct":75}}
,"/home/jonas/getit-restexpress/src/api/verification/index.js": {"lines":{"total":3,"covered":3,"skipped":0,"pct":100},"functions":{"total":0,"covered":0,"skipped":0,"pct":100},"statements":{"total":3,"covered":3,"skipped":0,"pct":100},"branches":{"total":0,"covered":0,"skipped":0,"pct":100}}
,"/home/jonas/getit-restexpress/src/api/verification/model.js": {"lines":{"total":4,"covered":4,"skipped":0,"pct":100},"functions":{"total":1,"covered":1,"skipped":0,"pct":100},"statements":{"total":4,"covered":4,"skipped":0,"pct":100},"branches":{"total":0,"covered":0,"skipped":0,"pct":100}}
,"/home/jonas/getit-restexpress/src/services/activity/index.js": {"lines":{"total":6,"covered":6,"skipped":0,"pct":100},"functions":{"total":1,"covered":1,"skipped":0,"pct":100},"statements":{"total":6,"covered":6,"skipped":0,"pct":100},"branches":{"total":2,"covered":2,"skipped":0,"pct":100}}
,"/home/jonas/getit-restexpress/src/services/auth/guard.js": {"lines":{"total":22,"covered":20,"skipped":0,"pct":90.91},"functions":{"total":7,"covered":6,"skipped":0,"pct":85.71},"statements":{"total":26,"covered":23,"skipped":0,"pct":88.46},"branches":{"total":3,"covered":3,"skipped":0,"pct":100}}
,"/home/jonas/getit-restexpress/src/services/auth/index.js": {"lines":{"total":0,"covered":0,"skipped":0,"pct":100},"functions":{"total":0,"covered":0,"skipped":0,"pct":100},"statements":{"total":0,"covered":0,"skipped":0,"pct":100},"branches":{"total":0,"covered":0,"skipped":0,"pct":100}}
,"/home/jonas/getit-restexpress/src/services/auth/socialAuth.js": {"lines":{"total":5,"covered":1,"skipped":0,"pct":20},"functions":{"total":2,"covered":0,"skipped":0,"pct":0},"statements":{"total":5,"covered":1,"skipped":0,"pct":20},"branches":{"total":0,"covered":0,"skipped":0,"pct":100}}
,"/home/jonas/getit-restexpress/src/services/auth/utils.js": {"lines":{"total":20,"covered":16,"skipped":0,"pct":80},"functions":{"total":6,"covered":6,"skipped":0,"pct":100},"statements":{"total":23,"covered":19,"skipped":0,"pct":82.61},"branches":{"total":14,"covered":10,"skipped":0,"pct":71.43}}
,"/home/jonas/getit-restexpress/src/services/express/acl.js": {"lines":{"total":1,"covered":1,"skipped":0,"pct":100},"functions":{"total":0,"covered":0,"skipped":0,"pct":100},"statements":{"total":1,"covered":1,"skipped":0,"pct":100},"branches":{"total":0,"covered":0,"skipped":0,"pct":100}}
,"/home/jonas/getit-restexpress/src/services/express/index.js": {"lines":{"total":15,"covered":14,"skipped":0,"pct":93.33},"functions":{"total":1,"covered":1,"skipped":0,"pct":100},"statements":{"total":15,"covered":14,"skipped":0,"pct":93.33},"branches":{"total":2,"covered":1,"skipped":0,"pct":50}}
,"/home/jonas/getit-restexpress/src/services/express/swagger.js": {"lines":{"total":7,"covered":7,"skipped":0,"pct":100},"functions":{"total":1,"covered":1,"skipped":0,"pct":100},"statements":{"total":7,"covered":7,"skipped":0,"pct":100},"branches":{"total":0,"covered":0,"skipped":0,"pct":100}}
,"/home/jonas/getit-restexpress/src/services/media/index.js": {"lines":{"total":6,"covered":6,"skipped":0,"pct":100},"functions":{"total":2,"covered":2,"skipped":0,"pct":100},"statements":{"total":7,"covered":7,"skipped":0,"pct":100},"branches":{"total":0,"covered":0,"skipped":0,"pct":100}}
,"/home/jonas/getit-restexpress/src/services/mongoose/index.js": {"lines":{"total":7,"covered":6,"skipped":0,"pct":85.71},"functions":{"total":2,"covered":2,"skipped":0,"pct":100},"statements":{"total":7,"covered":6,"skipped":0,"pct":85.71},"branches":{"total":2,"covered":1,"skipped":0,"pct":50}}
,"/home/jonas/getit-restexpress/src/services/mongoose/plugins/filter.js": {"lines":{"total":5,"covered":5,"skipped":0,"pct":100},"functions":{"total":5,"covered":5,"skipped":0,"pct":100},"statements":{"total":8,"covered":8,"skipped":0,"pct":100},"branches":{"total":5,"covered":3,"skipped":0,"pct":60}}
,"/home/jonas/getit-restexpress/src/services/mongoose/plugins/gravatar.js": {"lines":{"total":7,"covered":7,"skipped":0,"pct":100},"functions":{"total":2,"covered":2,"skipped":0,"pct":100},"statements":{"total":7,"covered":7,"skipped":0,"pct":100},"branches":{"total":6,"covered":6,"skipped":0,"pct":100}}
,"/home/jonas/getit-restexpress/src/services/mongoose/plugins/ownership.js": {"lines":{"total":4,"covered":3,"skipped":0,"pct":75},"functions":{"total":2,"covered":2,"skipped":0,"pct":100},"statements":{"total":4,"covered":3,"skipped":0,"pct":75},"branches":{"total":6,"covered":1,"skipped":0,"pct":16.67}}
,"/home/jonas/getit-restexpress/src/services/mongoose/plugins/paginate.js": {"lines":{"total":25,"covered":17,"skipped":0,"pct":68},"functions":{"total":11,"covered":5,"skipped":0,"pct":45.45},"statements":{"total":31,"covered":20,"skipped":0,"pct":64.52},"branches":{"total":12,"covered":7,"skipped":0,"pct":58.33}}
,"/home/jonas/getit-restexpress/src/services/request/index.js": {"lines":{"total":9,"covered":1,"skipped":0,"pct":11.11},"functions":{"total":2,"covered":0,"skipped":0,"pct":0},"statements":{"total":10,"covered":1,"skipped":0,"pct":10},"branches":{"total":14,"covered":0,"skipped":0,"pct":0}}
,"/home/jonas/getit-restexpress/src/services/response/index.js": {"lines":{"total":5,"covered":2,"skipped":0,"pct":40},"functions":{"total":1,"covered":0,"skipped":0,"pct":0},"statements":{"total":5,"covered":2,"skipped":0,"pct":40},"branches":{"total":4,"covered":0,"skipped":0,"pct":0}}
,"/home/jonas/getit-restexpress/src/services/sendgrid/index.js": {"lines":{"total":13,"covered":12,"skipped":0,"pct":92.31},"functions":{"total":5,"covered":4,"skipped":0,"pct":80},"statements":{"total":13,"covered":12,"skipped":0,"pct":92.31},"branches":{"total":5,"covered":2,"skipped":0,"pct":40}}
,"/home/jonas/getit-restexpress/src/utils/validator.js": {"lines":{"total":2,"covered":2,"skipped":0,"pct":100},"functions":{"total":0,"covered":0,"skipped":0,"pct":100},"statements":{"total":2,"covered":2,"skipped":0,"pct":100},"branches":{"total":0,"covered":0,"skipped":0,"pct":100}}
}
