TN:
SF:src/config.js
FN:5,(anonymous_0)
FN:23,(anonymous_1)
FNF:2
FNH:2
FNDA:42,(anonymous_0)
FNDA:76,(anonymous_1)
DA:5,7
DA:6,42
DA:7,0
DA:9,42
DA:12,7
DA:23,76
DA:126,7
LF:7
LH:6
BRDA:6,0,0,0
BRDA:6,0,1,42
BRDA:14,1,0,7
BRDA:14,1,1,0
BRDA:15,2,0,7
BRDA:15,2,1,0
BRDA:16,3,0,7
BRDA:16,3,1,7
BRDA:17,4,0,7
BRDA:17,4,1,7
BRDA:111,5,0,7
BRDA:111,5,1,7
BRDA:112,6,0,7
BRDA:112,6,1,0
BRDA:114,7,0,7
BRDA:114,7,1,7
BRF:16
BRH:12
end_of_record
TN:
SF:src/server.js
FN:10,(anonymous_0)
FNF:1
FNH:0
FNDA:0,(anonymous_0)
DA:6,6
DA:8,6
DA:9,6
DA:10,0
DA:11,0
DA:12,0
DA:13,0
LF:7
LH:3
BRDA:9,0,0,0
BRDA:9,0,1,6
BRF:2
BRH:1
end_of_record
TN:
SF:src/api/acl.js
FN:23,(anonymous_0)
FN:24,(anonymous_1)
FNF:2
FNH:2
FNDA:18,(anonymous_0)
FNDA:48,(anonymous_1)
DA:9,6
DA:11,6
DA:23,6
DA:24,18
DA:25,48
LF:5
LH:5
BRF:0
BRH:0
end_of_record
TN:
SF:src/api/index.js
FNF:0
FNH:0
DA:9,6
DA:12,6
DA:13,6
DA:14,6
DA:15,6
DA:16,6
DA:19,6
LF:7
LH:7
BRF:0
BRH:0
end_of_record
TN:
SF:src/api/auth/acl.js
FNF:0
FNH:0
DA:1,6
LF:1
LH:1
BRF:0
BRH:0
end_of_record
TN:
SF:src/api/auth/controller.js
FN:8,(anonymous_0)
FN:14,(anonymous_1)
FN:48,(anonymous_2)
FN:65,(anonymous_3)
FN:78,(anonymous_4)
FNF:5
FNH:4
FNDA:1,(anonymous_0)
FNDA:5,(anonymous_1)
FNDA:0,(anonymous_2)
FNDA:2,(anonymous_3)
FNDA:2,(anonymous_4)
DA:8,6
DA:10,1
DA:11,1
DA:14,6
DA:16,5
DA:18,5
DA:20,5
DA:22,1
DA:23,1
DA:26,4
DA:27,2
DA:28,2
DA:32,2
DA:33,2
DA:34,1
DA:35,1
DA:39,1
DA:42,1
DA:44,0
DA:48,6
DA:50,0
DA:51,0
DA:53,0
DA:55,0
DA:56,0
DA:59,0
DA:61,0
DA:65,6
DA:66,2
DA:67,2
DA:68,1
DA:69,1
DA:71,1
DA:72,1
DA:74,0
DA:78,6
DA:79,2
DA:80,2
DA:81,1
DA:82,1
DA:84,1
DA:86,1
DA:88,1
DA:90,0
LF:44
LH:34
BRDA:20,0,0,1
BRDA:20,0,1,4
BRDA:26,1,0,2
BRDA:26,1,1,2
BRDA:33,2,0,1
BRDA:33,2,1,1
BRDA:67,3,0,1
BRDA:67,3,1,1
BRDA:80,4,0,1
BRDA:80,4,1,1
BRF:10
BRH:10
end_of_record
TN:
SF:src/api/auth/index.js
FNF:0
FNH:0
DA:12,6
DA:58,6
DA:91,6
DA:110,6
DA:161,6
LF:5
LH:5
BRF:0
BRH:0
end_of_record
TN:
SF:src/api/media/acl.js
FNF:0
FNH:0
DA:1,6
LF:1
LH:1
BRF:0
BRH:0
end_of_record
TN:
SF:src/api/media/controller.js
FN:6,(anonymous_0)
FN:45,(anonymous_1)
FNF:2
FNH:2
FNDA:4,(anonymous_0)
FNDA:2,(anonymous_1)
DA:6,6
DA:7,4
DA:9,4
DA:10,1
DA:11,1
DA:14,3
DA:18,3
DA:19,1
DA:20,1
DA:23,2
DA:24,2
DA:27,2
DA:28,2
DA:36,2
DA:37,2
DA:40,0
DA:45,6
DA:46,2
DA:48,2
DA:50,2
DA:51,2
DA:52,1
DA:53,1
DA:56,1
DA:57,1
DA:58,0
DA:59,0
DA:62,1
DA:63,1
DA:66,0
LF:30
LH:26
BRDA:9,0,0,1
BRDA:9,0,1,3
BRDA:9,1,0,4
BRDA:9,1,1,4
BRDA:18,2,0,1
BRDA:18,2,1,2
BRDA:27,3,0,2
BRDA:27,3,1,0
BRDA:51,4,0,1
BRDA:51,4,1,1
BRDA:57,5,0,0
BRDA:57,5,1,1
BRDA:57,6,0,1
BRDA:57,6,1,1
BRF:14
BRH:12
end_of_record
TN:
SF:src/api/media/index.js
FNF:0
FNH:0
DA:10,6
DA:44,6
DA:75,6
LF:3
LH:3
BRF:0
BRH:0
end_of_record
TN:
SF:src/api/password-reset/acl.js
FNF:0
FNH:0
DA:1,6
LF:1
LH:1
BRF:0
BRH:0
end_of_record
TN:
SF:src/api/password-reset/controller.js
FN:8,(anonymous_0)
FN:25,(anonymous_1)
FN:48,(anonymous_2)
FNF:3
FNH:3
FNDA:2,(anonymous_0)
FNDA:3,(anonymous_1)
FNDA:4,(anonymous_2)
DA:8,6
DA:9,2
DA:10,2
DA:12,2
DA:13,1
DA:14,1
DA:16,1
DA:18,1
DA:21,0
DA:25,6
DA:26,3
DA:27,3
DA:29,3
DA:32,1
DA:33,1
DA:36,2
DA:37,2
DA:38,2
DA:40,2
DA:43,0
DA:48,6
DA:50,4
DA:51,4
DA:53,4
DA:55,2
DA:56,2
DA:59,2
DA:60,2
DA:61,2
DA:63,2
DA:66,0
LF:31
LH:28
BRDA:12,0,0,1
BRDA:12,0,1,1
BRDA:12,1,0,2
BRDA:12,1,1,1
BRDA:29,2,0,1
BRDA:29,2,1,2
BRDA:51,3,0,4
BRDA:51,3,1,0
BRDA:53,4,0,2
BRDA:53,4,1,2
BRDA:53,5,0,4
BRDA:53,5,1,3
BRF:12
BRH:11
end_of_record
TN:
SF:src/api/password-reset/index.js
FN:92,(anonymous_0)
FN:141,(anonymous_1)
FNF:2
FNH:2
FNDA:3,(anonymous_0)
FNDA:4,(anonymous_1)
DA:20,6
DA:22,6
DA:56,6
DA:86,6
DA:93,3
DA:136,6
DA:142,4
LF:7
LH:7
BRF:0
BRH:0
end_of_record
TN:
SF:src/api/password-reset/model.js
FN:15,(anonymous_0)
FNF:1
FNH:1
FNDA:17,(anonymous_0)
DA:4,6
DA:15,17
DA:24,6
DA:26,6
LF:4
LH:4
BRF:0
BRH:0
end_of_record
TN:
SF:src/api/session/index.js
FNF:0
FNH:0
LF:0
LH:0
BRF:0
BRH:0
end_of_record
TN:
SF:src/api/session/model.js
FN:39,(anonymous_0)
FN:43,(anonymous_1)
FNF:2
FNH:2
FNDA:3,(anonymous_0)
FNDA:221,(anonymous_1)
DA:4,6
DA:38,6
DA:40,3
DA:44,221
DA:45,221
DA:46,3
DA:47,3
DA:52,6
DA:54,6
LF:9
LH:9
BRDA:45,0,0,3
BRDA:45,0,1,218
BRF:2
BRH:2
end_of_record
TN:
SF:src/api/user/acl.js
FNF:0
FNH:0
DA:1,6
LF:1
LH:1
BRF:0
BRH:0
end_of_record
TN:
SF:src/api/user/controller.js
FN:7,(anonymous_0)
FN:16,(anonymous_1)
FN:31,(anonymous_2)
FN:51,(anonymous_3)
FN:73,(anonymous_4)
FN:95,(anonymous_5)
FNF:6
FNH:6
FNDA:1,(anonymous_0)
FNDA:6,(anonymous_1)
FNDA:6,(anonymous_2)
FNDA:4,(anonymous_3)
FNDA:6,(anonymous_4)
FNDA:4,(anonymous_5)
DA:7,6
DA:8,1
DA:9,1
DA:10,1
DA:12,0
DA:16,6
DA:17,6
DA:18,6
DA:20,6
DA:21,1
DA:22,1
DA:25,5
DA:27,0
DA:31,6
DA:32,6
DA:34,6
DA:35,1
DA:36,1
DA:39,5
DA:41,5
DA:43,5
DA:45,5
DA:47,0
DA:51,6
DA:52,4
DA:53,4
DA:55,4
DA:56,1
DA:57,1
DA:60,3
DA:61,1
DA:62,1
DA:65,2
DA:67,2
DA:69,0
DA:73,6
DA:74,6
DA:75,6
DA:77,6
DA:78,1
DA:79,1
DA:82,5
DA:83,1
DA:84,1
DA:87,4
DA:89,4
DA:91,0
DA:95,6
DA:96,4
DA:97,4
DA:99,4
DA:100,1
DA:101,1
DA:104,3
DA:105,1
DA:106,1
DA:109,2
DA:111,2
DA:113,0
LF:59
LH:53
BRDA:18,0,0,3
BRDA:18,0,1,3
BRDA:20,1,0,1
BRDA:20,1,1,5
BRDA:34,2,0,1
BRDA:34,2,1,5
BRDA:55,3,0,1
BRDA:55,3,1,3
BRDA:60,4,0,1
BRDA:60,4,1,2
BRDA:77,5,0,1
BRDA:77,5,1,5
BRDA:82,6,0,1
BRDA:82,6,1,4
BRDA:99,7,0,1
BRDA:99,7,1,3
BRDA:104,8,0,1
BRDA:104,8,1,2
BRF:18
BRH:18
end_of_record
TN:
SF:src/api/user/index.js
FN:115,(anonymous_0)
FN:124,(anonymous_1)
FN:222,(anonymous_2)
FNF:3
FNH:3
FNDA:8,(anonymous_0)
FNDA:7,(anonymous_1)
FNDA:7,(anonymous_2)
DA:25,6
DA:26,6
DA:45,6
DA:73,6
DA:108,6
DA:116,8
DA:125,7
DA:178,6
DA:217,6
DA:223,7
DA:259,6
LF:11
LH:11
BRF:0
BRH:0
end_of_record
TN:
SF:src/api/user/model.js
FN:23,(anonymous_0)
FN:24,(anonymous_1)
FN:31,(anonymous_2)
FN:32,(anonymous_3)
FN:64,(anonymous_4)
FN:75,(anonymous_5)
FN:101,(anonymous_6)
FNF:7
FNH:5
FNDA:226,(anonymous_0)
FNDA:0,(anonymous_1)
FNDA:226,(anonymous_2)
FNDA:0,(anonymous_3)
FNDA:226,(anonymous_4)
FNDA:6,(anonymous_5)
FNDA:11,(anonymous_6)
DA:13,6
DA:14,6
DA:23,226
DA:24,0
DA:31,226
DA:32,0
DA:64,6
DA:65,226
DA:66,12
DA:69,214
DA:70,214
DA:73,6
DA:76,6
DA:79,6
DA:80,4
DA:81,4
DA:82,4
DA:83,4
DA:84,4
DA:86,2
DA:87,2
DA:96,2
DA:101,11
DA:102,6
DA:103,6
DA:104,6
DA:105,6
DA:107,6
DA:108,6
DA:109,6
LF:30
LH:28
BRDA:65,0,0,12
BRDA:65,0,1,214
BRDA:79,1,0,4
BRDA:79,1,1,2
BRDA:101,2,0,11
BRDA:101,2,1,8
BRF:6
BRH:6
end_of_record
TN:
SF:src/api/verification/acl.js
FNF:0
FNH:0
DA:1,6
LF:1
LH:1
BRF:0
BRH:0
end_of_record
TN:
SF:src/api/verification/controller.js
FN:5,(anonymous_0)
FNF:1
FNH:1
FNDA:2,(anonymous_0)
DA:5,6
DA:6,2
DA:7,2
DA:9,2
DA:10,0
DA:11,0
DA:14,2
DA:16,2
DA:18,2
DA:20,0
LF:10
LH:7
BRDA:9,0,0,0
BRDA:9,0,1,2
BRDA:9,1,0,2
BRDA:9,1,1,2
BRF:4
BRH:3
end_of_record
TN:
SF:src/api/verification/index.js
FNF:0
FNH:0
DA:9,6
DA:10,6
DA:40,6
LF:3
LH:3
BRF:0
BRH:0
end_of_record
TN:
SF:src/api/verification/model.js
FN:15,(anonymous_0)
FNF:1
FNH:1
FNDA:9,(anonymous_0)
DA:4,6
DA:15,9
DA:24,6
DA:26,6
LF:4
LH:4
BRF:0
BRH:0
end_of_record
TN:
SF:src/services/activity/index.js
FN:3,(anonymous_0)
FNF:1
FNH:1
FNDA:75,(anonymous_0)
DA:3,6
DA:5,75
DA:6,37
DA:8,38
DA:10,38
DA:12,38
LF:6
LH:6
BRDA:5,0,0,37
BRDA:5,0,1,38
BRF:2
BRH:2
end_of_record
TN:
SF:src/services/auth/guard.js
FN:11,(anonymous_0)
FN:13,(anonymous_1)
FN:32,(anonymous_2)
FN:48,(anonymous_3)
FN:51,(anonymous_4)
FN:68,(anonymous_5)
FN:68,(anonymous_6)
FNF:7
FNH:6
FNDA:39,(anonymous_0)
FNDA:39,(anonymous_1)
FNDA:221,(anonymous_2)
FNDA:0,(anonymous_3)
FNDA:1,(anonymous_4)
FNDA:18,(anonymous_5)
FNDA:20,(anonymous_6)
DA:9,6
DA:11,39
DA:13,6
DA:14,39
DA:15,39
DA:16,39
DA:18,0
DA:23,6
DA:32,6
DA:33,221
DA:34,221
DA:35,221
DA:36,221
DA:37,221
DA:38,221
DA:42,0
DA:48,6
DA:51,6
DA:52,1
DA:53,1
DA:57,6
DA:68,20
LF:22
LH:20
BRDA:32,0,0,221
BRDA:68,1,0,18
BRDA:68,1,1,2
BRF:3
BRH:3
end_of_record
TN:
SF:src/services/auth/index.js
FNF:0
FNH:0
LF:0
LH:0
BRF:0
BRH:0
end_of_record
TN:
SF:src/services/auth/socialAuth.js
FN:4,(anonymous_0)
FN:22,(anonymous_1)
FNF:2
FNH:0
FNDA:0,(anonymous_0)
FNDA:0,(anonymous_1)
DA:3,6
DA:5,0
DA:13,0
DA:23,0
DA:30,0
LF:5
LH:1
BRF:0
BRH:0
end_of_record
TN:
SF:src/services/auth/utils.js
FN:7,(anonymous_0)
FN:26,(anonymous_1)
FN:49,(anonymous_2)
FN:49,(anonymous_3)
FN:57,(anonymous_4)
FN:64,(anonymous_5)
FNF:6
FNH:6
FNDA:120,(anonymous_0)
FNDA:20,(anonymous_1)
FNDA:6,(anonymous_2)
FNDA:9,(anonymous_3)
FNDA:214,(anonymous_4)
FNDA:2,(anonymous_5)
DA:7,7
DA:9,120
DA:10,81
DA:14,39
DA:15,0
DA:19,39
DA:20,0
DA:23,39
DA:26,7
DA:29,20
DA:30,0
DA:34,20
DA:35,18
DA:39,2
DA:40,0
DA:43,2
DA:49,7
DA:50,9
DA:57,214
DA:64,7
LF:20
LH:16
BRDA:9,0,0,81
BRDA:9,0,1,39
BRDA:14,1,0,0
BRDA:14,1,1,39
BRDA:19,2,0,0
BRDA:19,2,1,39
BRDA:29,3,0,0
BRDA:29,3,1,20
BRDA:34,4,0,18
BRDA:34,4,1,2
BRDA:39,5,0,0
BRDA:39,5,1,2
BRDA:50,6,0,1
BRDA:50,6,1,8
BRF:14
BRH:10
end_of_record
TN:
SF:src/services/express/acl.js
FNF:0
FNH:0
DA:10,6
LF:1
LH:1
BRF:0
BRH:0
end_of_record
TN:
SF:src/services/express/index.js
FN:27,(anonymous_0)
FNF:1
FNH:1
FNDA:6,(anonymous_0)
DA:25,6
DA:28,6
DA:39,6
DA:40,0
DA:42,6
DA:43,6
DA:44,6
DA:45,6
DA:46,6
DA:47,6
DA:48,6
DA:49,6
DA:50,6
DA:51,6
DA:53,6
LF:15
LH:14
BRDA:39,0,0,0
BRDA:39,0,1,6
BRF:2
BRH:1
end_of_record
TN:
SF:src/services/express/swagger.js
FN:11,(anonymous_0)
FNF:1
FNH:1
FNDA:6,(anonymous_0)
DA:7,6
DA:8,6
DA:10,6
DA:11,6
DA:12,6
DA:15,6
DA:16,6
LF:7
LH:7
BRF:0
BRH:0
end_of_record
TN:
SF:src/services/media/index.js
FN:8,(anonymous_0)
FN:15,(anonymous_1)
FNF:2
FNH:2
FNDA:2,(anonymous_0)
FNDA:10,(anonymous_1)
DA:5,6
DA:8,6
DA:9,2
DA:10,2
DA:12,1
DA:15,10
LF:6
LH:6
BRF:0
BRH:0
end_of_record
TN:
SF:src/services/mongoose/index.js
FN:10,(anonymous_0)
FN:20,(anonymous_1)
FNF:2
FNH:2
FNDA:35,(anonymous_0)
FNDA:7,(anonymous_1)
DA:8,7
DA:10,7
DA:11,35
DA:20,7
DA:21,7
DA:24,7
DA:25,0
LF:7
LH:6
BRDA:24,0,0,0
BRDA:24,0,1,7
BRF:2
BRH:1
end_of_record
TN:
SF:src/services/mongoose/plugins/filter.js
FN:12,select
FN:13,(anonymous_1)
FN:15,(anonymous_2)
FN:17,(anonymous_3)
FN:19,(anonymous_4)
FNF:5
FNH:5
FNDA:6,select
FNDA:12,(anonymous_1)
FNDA:23,(anonymous_2)
FNDA:12,(anonymous_3)
FNDA:72,(anonymous_4)
DA:13,6
DA:15,23
DA:17,12
DA:19,72
DA:21,12
LF:5
LH:5
BRDA:13,0,0,5
BRDA:15,1,0,12
BRDA:15,1,1,0
BRDA:17,2,0,12
BRDA:17,2,1,0
BRF:5
BRH:3
end_of_record
TN:
SF:src/services/mongoose/plugins/gravatar.js
FN:6,gravatar
FN:7,(anonymous_1)
FNF:2
FNH:2
FNDA:6,gravatar
FNDA:231,(anonymous_1)
DA:7,6
DA:8,231
DA:9,230
DA:13,230
DA:16,231
DA:17,60
DA:20,231
LF:7
LH:7
BRDA:8,0,0,230
BRDA:8,0,1,1
BRDA:8,1,0,231
BRDA:8,1,1,2
BRDA:16,2,0,60
BRDA:16,2,1,171
BRF:6
BRH:6
end_of_record
TN:
SF:src/services/mongoose/plugins/ownership.js
FN:10,ownership
FN:11,(anonymous_1)
FNF:2
FNH:2
FNDA:6,ownership
FNDA:11,(anonymous_1)
DA:11,6
DA:12,11
DA:13,11
DA:16,0
LF:4
LH:3
BRDA:10,0,0,0
BRDA:12,1,0,11
BRDA:12,1,1,0
BRDA:16,2,0,0
BRDA:16,2,1,0
BRDA:16,2,2,0
BRF:6
BRH:1
end_of_record
TN:
SF:src/services/mongoose/plugins/paginate.js
FN:10,paginate
FN:11,(anonymous_1)
FN:14,(anonymous_2)
FN:23,(anonymous_3)
FN:24,(anonymous_4)
FN:29,(anonymous_5)
FN:29,(anonymous_6)
FN:29,(anonymous_7)
FN:33,(anonymous_8)
FN:34,(anonymous_9)
FN:36,(anonymous_10)
FNF:11
FNH:5
FNDA:6,paginate
FNDA:1,(anonymous_1)
FNDA:0,(anonymous_2)
FNDA:3,(anonymous_3)
FNDA:1,(anonymous_4)
FNDA:6,(anonymous_5)
FNDA:0,(anonymous_6)
FNDA:0,(anonymous_7)
FNDA:0,(anonymous_8)
FNDA:0,(anonymous_9)
FNDA:0,(anonymous_10)
DA:11,6
DA:12,1
DA:14,1
DA:15,1
DA:16,1
DA:17,1
DA:19,1
DA:20,0
DA:23,3
DA:24,1
DA:26,1
DA:29,6
DA:30,0
DA:33,1
DA:34,0
DA:35,0
DA:36,0
DA:37,0
DA:42,1
DA:49,1
DA:50,1
DA:51,1
DA:52,1
DA:61,0
DA:62,0
LF:25
LH:17
BRDA:15,0,0,1
BRDA:15,0,1,0
BRDA:16,1,0,1
BRDA:16,1,1,1
BRDA:19,2,0,0
BRDA:19,2,1,1
BRDA:24,3,0,1
BRDA:24,3,1,0
BRDA:50,4,0,1
BRDA:50,4,1,0
BRDA:51,5,0,1
BRDA:51,5,1,0
BRF:12
BRH:7
end_of_record
TN:
SF:src/services/request/index.js
FN:5,(anonymous_0)
FN:5,(anonymous_1)
FNF:2
FNH:0
FNDA:0,(anonymous_0)
FNDA:0,(anonymous_1)
DA:5,1
DA:6,0
DA:8,0
DA:9,0
DA:12,0
DA:13,0
DA:16,0
DA:17,0
DA:20,0
LF:9
LH:1
BRDA:6,0,0,0
BRDA:6,1,0,0
BRDA:6,2,0,0
BRDA:6,2,1,0
BRDA:8,3,0,0
BRDA:8,3,1,0
BRDA:8,4,0,0
BRDA:8,4,1,0
BRDA:12,5,0,0
BRDA:12,5,1,0
BRDA:12,6,0,0
BRDA:12,6,1,0
BRDA:16,7,0,0
BRDA:16,7,1,0
BRF:14
BRH:0
end_of_record
TN:
SF:src/services/response/index.js
FN:5,(anonymous_0)
FNF:1
FNH:0
FNDA:0,(anonymous_0)
DA:3,6
DA:5,6
DA:7,0
DA:10,0
DA:13,0
LF:5
LH:2
BRDA:7,0,0,0
BRDA:7,0,1,0
BRDA:15,1,0,0
BRDA:15,1,1,0
BRF:4
BRH:0
end_of_record
TN:
SF:src/services/sendgrid/index.js
FN:14,(anonymous_0)
FN:19,(anonymous_1)
FN:24,(anonymous_2)
FN:29,(anonymous_3)
FN:42,(anonymous_4)
FNF:5
FNH:4
FNDA:0,(anonymous_0)
FNDA:2,(anonymous_1)
FNDA:5,(anonymous_2)
FNDA:5,(anonymous_3)
FNDA:2,(anonymous_4)
DA:4,6
DA:5,6
DA:8,6
DA:14,6
DA:15,0
DA:19,6
DA:20,2
DA:24,6
DA:25,5
DA:29,6
DA:30,5
DA:42,6
DA:43,2
LF:13
LH:12
BRDA:14,0,0,0
BRDA:20,1,0,2
BRDA:20,1,1,0
BRDA:25,2,0,5
BRDA:25,2,1,0
BRF:5
BRH:2
end_of_record
TN:
SF:src/utils/validator.js
FNF:0
FNH:0
DA:2,6
DA:4,6
LF:2
LH:2
BRF:0
BRH:0
end_of_record
